mode: set
github.com/SGNL-ai/fabricator/pkg/diagrams/er_generator.go:46.82,52.2 1 1
github.com/SGNL-ai/fabricator/pkg/diagrams/er_generator.go:56.39,58.34 2 1
github.com/SGNL-ai/fabricator/pkg/diagrams/er_generator.go:58.34,60.3 1 1
github.com/SGNL-ai/fabricator/pkg/diagrams/er_generator.go:61.2,61.13 1 1
github.com/SGNL-ai/fabricator/pkg/diagrams/er_generator.go:73.76,76.2 2 1
github.com/SGNL-ai/fabricator/pkg/diagrams/er_generator.go:79.64,82.16 2 1
github.com/SGNL-ai/fabricator/pkg/diagrams/er_generator.go:82.16,84.3 1 1
github.com/SGNL-ai/fabricator/pkg/diagrams/er_generator.go:87.2,92.16 3 1
github.com/SGNL-ai/fabricator/pkg/diagrams/er_generator.go:92.16,98.3 3 0
github.com/SGNL-ai/fabricator/pkg/diagrams/er_generator.go:98.8,101.3 1 1
github.com/SGNL-ai/fabricator/pkg/diagrams/er_generator.go:104.2,104.37 1 1
github.com/SGNL-ai/fabricator/pkg/diagrams/er_generator.go:104.37,122.17 3 1
github.com/SGNL-ai/fabricator/pkg/diagrams/er_generator.go:122.17,124.12 1 1
github.com/SGNL-ai/fabricator/pkg/diagrams/er_generator.go:125.9,125.54 1 0
github.com/SGNL-ai/fabricator/pkg/diagrams/er_generator.go:125.54,128.4 1 0
github.com/SGNL-ai/fabricator/pkg/diagrams/er_generator.go:131.3,132.17 2 0
github.com/SGNL-ai/fabricator/pkg/diagrams/er_generator.go:132.17,134.4 1 0
github.com/SGNL-ai/fabricator/pkg/diagrams/er_generator.go:139.2,141.38 2 1
github.com/SGNL-ai/fabricator/pkg/diagrams/er_generator.go:141.38,146.23 2 1
github.com/SGNL-ai/fabricator/pkg/diagrams/er_generator.go:146.23,147.12 1 0
github.com/SGNL-ai/fabricator/pkg/diagrams/er_generator.go:151.3,163.20 2 1
github.com/SGNL-ai/fabricator/pkg/diagrams/er_generator.go:163.20,165.4 1 0
github.com/SGNL-ai/fabricator/pkg/diagrams/er_generator.go:168.3,169.17 2 1
github.com/SGNL-ai/fabricator/pkg/diagrams/er_generator.go:169.17,174.51 1 1
github.com/SGNL-ai/fabricator/pkg/diagrams/er_generator.go:174.51,177.5 1 0
github.com/SGNL-ai/fabricator/pkg/diagrams/er_generator.go:178.4,178.12 1 1
github.com/SGNL-ai/fabricator/pkg/diagrams/er_generator.go:182.3,182.26 1 0
github.com/SGNL-ai/fabricator/pkg/diagrams/er_generator.go:186.2,200.16 3 1
github.com/SGNL-ai/fabricator/pkg/diagrams/er_generator.go:200.16,202.3 1 0
github.com/SGNL-ai/fabricator/pkg/diagrams/er_generator.go:205.2,209.16 3 1
github.com/SGNL-ai/fabricator/pkg/diagrams/er_generator.go:209.16,211.3 1 1
github.com/SGNL-ai/fabricator/pkg/diagrams/er_generator.go:212.2,212.15 1 1
github.com/SGNL-ai/fabricator/pkg/diagrams/er_generator.go:212.15,212.51 1 1
github.com/SGNL-ai/fabricator/pkg/diagrams/er_generator.go:215.2,215.60 1 1
github.com/SGNL-ai/fabricator/pkg/diagrams/er_generator.go:215.60,217.3 1 0
github.com/SGNL-ai/fabricator/pkg/diagrams/er_generator.go:218.2,218.43 1 1
github.com/SGNL-ai/fabricator/pkg/diagrams/er_generator.go:218.43,220.3 1 0
github.com/SGNL-ai/fabricator/pkg/diagrams/er_generator.go:223.2,223.17 1 1
github.com/SGNL-ai/fabricator/pkg/diagrams/er_generator.go:223.17,226.35 2 1
github.com/SGNL-ai/fabricator/pkg/diagrams/er_generator.go:226.35,228.4 1 1
github.com/SGNL-ai/fabricator/pkg/diagrams/er_generator.go:229.3,229.13 1 0
github.com/SGNL-ai/fabricator/pkg/diagrams/er_generator.go:233.2,234.40 2 1
github.com/SGNL-ai/fabricator/pkg/diagrams/er_generator.go:234.40,237.3 1 0
github.com/SGNL-ai/fabricator/pkg/diagrams/er_generator.go:240.2,241.16 2 1
github.com/SGNL-ai/fabricator/pkg/diagrams/er_generator.go:241.16,243.3 1 0
github.com/SGNL-ai/fabricator/pkg/diagrams/er_generator.go:245.2,246.16 2 1
github.com/SGNL-ai/fabricator/pkg/diagrams/er_generator.go:246.16,248.3 1 0
github.com/SGNL-ai/fabricator/pkg/diagrams/er_generator.go:250.2,250.12 1 1
github.com/SGNL-ai/fabricator/pkg/diagrams/er_generator.go:254.101,263.54 2 1
github.com/SGNL-ai/fabricator/pkg/diagrams/er_generator.go:263.54,264.42 1 1
github.com/SGNL-ai/fabricator/pkg/diagrams/er_generator.go:264.42,274.4 1 1
github.com/SGNL-ai/fabricator/pkg/diagrams/er_generator.go:278.2,279.53 2 1
github.com/SGNL-ai/fabricator/pkg/diagrams/er_generator.go:279.53,280.24 1 1
github.com/SGNL-ai/fabricator/pkg/diagrams/er_generator.go:280.24,282.4 1 1
github.com/SGNL-ai/fabricator/pkg/diagrams/er_generator.go:286.2,290.16 3 1
github.com/SGNL-ai/fabricator/pkg/diagrams/er_generator.go:290.16,294.3 2 0
github.com/SGNL-ai/fabricator/pkg/diagrams/er_generator.go:297.2,300.29 2 1
github.com/SGNL-ai/fabricator/pkg/diagrams/er_generator.go:300.29,305.30 2 1
github.com/SGNL-ai/fabricator/pkg/diagrams/er_generator.go:305.30,306.12 1 0
github.com/SGNL-ai/fabricator/pkg/diagrams/er_generator.go:310.3,314.54 3 1
github.com/SGNL-ai/fabricator/pkg/diagrams/er_generator.go:314.54,316.25 1 1
github.com/SGNL-ai/fabricator/pkg/diagrams/er_generator.go:316.25,317.13 1 0
github.com/SGNL-ai/fabricator/pkg/diagrams/er_generator.go:321.4,324.22 3 1
github.com/SGNL-ai/fabricator/pkg/diagrams/er_generator.go:324.22,327.75 1 1
github.com/SGNL-ai/fabricator/pkg/diagrams/er_generator.go:327.75,331.27 2 1
github.com/SGNL-ai/fabricator/pkg/diagrams/er_generator.go:331.27,333.7 1 0
github.com/SGNL-ai/fabricator/pkg/diagrams/er_generator.go:335.6,336.11 2 1
github.com/SGNL-ai/fabricator/pkg/diagrams/er_generator.go:342.3,342.24 1 1
github.com/SGNL-ai/fabricator/pkg/diagrams/er_generator.go:342.24,344.4 1 0
github.com/SGNL-ai/fabricator/pkg/diagrams/er_generator.go:347.3,356.33 2 1
github.com/SGNL-ai/fabricator/pkg/diagrams/er_generator.go:361.48,362.48 1 1
github.com/SGNL-ai/fabricator/pkg/diagrams/er_generator.go:362.48,365.24 2 1
github.com/SGNL-ai/fabricator/pkg/diagrams/er_generator.go:365.24,369.4 2 1
github.com/SGNL-ai/fabricator/pkg/diagrams/er_generator.go:371.3,375.4 1 1
github.com/SGNL-ai/fabricator/pkg/diagrams/er_generator.go:380.53,389.54 2 1
github.com/SGNL-ai/fabricator/pkg/diagrams/er_generator.go:389.54,390.42 1 1
github.com/SGNL-ai/fabricator/pkg/diagrams/er_generator.go:390.42,400.4 1 1
github.com/SGNL-ai/fabricator/pkg/diagrams/er_generator.go:404.2,404.62 1 1
github.com/SGNL-ai/fabricator/pkg/diagrams/er_generator.go:404.62,406.73 1 1
github.com/SGNL-ai/fabricator/pkg/diagrams/er_generator.go:406.73,407.35 1 1
github.com/SGNL-ai/fabricator/pkg/diagrams/er_generator.go:407.35,409.13 1 1
github.com/SGNL-ai/fabricator/pkg/diagrams/er_generator.go:414.3,414.34 1 1
github.com/SGNL-ai/fabricator/pkg/diagrams/er_generator.go:414.34,418.22 3 1
github.com/SGNL-ai/fabricator/pkg/diagrams/er_generator.go:418.22,420.45 1 1
github.com/SGNL-ai/fabricator/pkg/diagrams/er_generator.go:420.45,421.14 1 1
github.com/SGNL-ai/fabricator/pkg/diagrams/er_generator.go:424.5,425.26 2 1
github.com/SGNL-ai/fabricator/pkg/diagrams/er_generator.go:425.26,427.6 1 1
github.com/SGNL-ai/fabricator/pkg/diagrams/er_generator.go:429.5,439.7 1 1
github.com/SGNL-ai/fabricator/pkg/diagrams/er_generator.go:441.9,441.40 1 1
github.com/SGNL-ai/fabricator/pkg/diagrams/er_generator.go:441.40,444.34 1 1
github.com/SGNL-ai/fabricator/pkg/diagrams/er_generator.go:444.34,448.16 3 1
github.com/SGNL-ai/fabricator/pkg/diagrams/er_generator.go:448.16,449.14 1 1
github.com/SGNL-ai/fabricator/pkg/diagrams/er_generator.go:453.5,458.16 4 1
github.com/SGNL-ai/fabricator/pkg/diagrams/er_generator.go:458.16,459.14 1 0
github.com/SGNL-ai/fabricator/pkg/diagrams/er_generator.go:462.5,464.23 2 1
github.com/SGNL-ai/fabricator/pkg/diagrams/er_generator.go:464.23,466.46 1 1
github.com/SGNL-ai/fabricator/pkg/diagrams/er_generator.go:466.46,467.15 1 1
github.com/SGNL-ai/fabricator/pkg/diagrams/er_generator.go:470.6,471.27 2 1
github.com/SGNL-ai/fabricator/pkg/diagrams/er_generator.go:471.27,473.7 1 0
github.com/SGNL-ai/fabricator/pkg/diagrams/er_generator.go:475.6,485.8 1 1
